<!DOCTYPE html>
<html>
<head>
<meta http-equiv="Content-Type" content="text/html; charset=utf-8"/>
<meta http-equiv="x-ua-compatible" content="IE=edge"/>
<title>Test results - Class com.app.server.service.organization.locationmanagement.AddressTestCase</title>
<link href="../css/base-style.css" rel="stylesheet" type="text/css"/>
<link href="../css/style.css" rel="stylesheet" type="text/css"/>
<script src="../js/report.js" type="text/javascript"></script>
</head>
<body>
<div id="content">
<h1>Class com.app.server.service.organization.locationmanagement.AddressTestCase</h1>
<div class="breadcrumbs">
<a href="../index.html">all</a> &gt; 
<a href="../packages/com.app.server.service.organization.locationmanagement.html">com.app.server.service.organization.locationmanagement</a> &gt; AddressTestCase</div>
<div id="summary">
<table>
<tr>
<td>
<div class="summaryGroup">
<table>
<tr>
<td>
<div class="infoBox" id="tests">
<div class="counter">9</div>
<p>tests</p>
</div>
</td>
<td>
<div class="infoBox" id="failures">
<div class="counter">0</div>
<p>failures</p>
</div>
</td>
<td>
<div class="infoBox" id="ignored">
<div class="counter">0</div>
<p>ignored</p>
</div>
</td>
<td>
<div class="infoBox" id="duration">
<div class="counter">0.885s</div>
<p>duration</p>
</div>
</td>
</tr>
</table>
</div>
</td>
<td>
<div class="infoBox success" id="successRate">
<div class="percent">100%</div>
<p>successful</p>
</div>
</td>
</tr>
</table>
</div>
<div id="tabs">
<ul class="tabLinks">
<li>
<a href="#tab0">Tests</a>
</li>
<li>
<a href="#tab1">Standard output</a>
</li>
<li>
<a href="#tab2">Standard error</a>
</li>
</ul>
<div id="tab0" class="tab">
<h2>Tests</h2>
<table>
<thead>
<tr>
<th>Test</th>
<th>Duration</th>
<th>Result</th>
</tr>
</thead>
<tr>
<td class="success">test1Save</td>
<td>0.247s</td>
<td class="success">passed</td>
</tr>
<tr>
<td class="success">test2Update</td>
<td>0.062s</td>
<td class="success">passed</td>
</tr>
<tr>
<td class="success">test3FindById</td>
<td>0.007s</td>
<td class="success">passed</td>
</tr>
<tr>
<td class="success">test3findByaddressTypeId</td>
<td>0.010s</td>
<td class="success">passed</td>
</tr>
<tr>
<td class="success">test3findBycityId</td>
<td>0.010s</td>
<td class="success">passed</td>
</tr>
<tr>
<td class="success">test3findBycountryId</td>
<td>0.009s</td>
<td class="success">passed</td>
</tr>
<tr>
<td class="success">test3findBystateId</td>
<td>0.013s</td>
<td class="success">passed</td>
</tr>
<tr>
<td class="success">test5NegativeTesting</td>
<td>0.042s</td>
<td class="success">passed</td>
</tr>
<tr>
<td class="success">test6Delete</td>
<td>0.485s</td>
<td class="success">passed</td>
</tr>
</table>
</div>
<div id="tab1" class="tab">
<h2>Standard output</h2>
<span class="code">
<pre>Wed May 11 11:22:43 UTC 2016|Log Manager Factory|Initialization Process started.....
Wed May 11 11:22:43 UTC 2016|Log Manager|Initialized with Path = [/home/applifire/workspace/testoracle1/src/main/webapp/WEB-INF/conf]
Wed May 11 11:22:43 UTC 2016|Alarm Manager|Initialized with Path = [/home/applifire/workspace/testoracle1/src/main/webapp/WEB-INF/conf]
Wed May 11 11:22:43 UTC 2016|Alarm Manager|Loading Alarms ......
Wed May 11 11:22:43 UTC 2016|Alarm XML Parser|FWA|XML Parsing Complete........ 
Wed May 11 11:22:43 UTC 2016|Alarm File Manager|FWA|Alarm File Status.. [ApplicationFrameworkAlarms.xml]|Version=15|Status=Done 
Wed May 11 11:22:43 UTC 2016|Alarm File Manager|FWA|Alarm Stats = ( BC/AL=4/374 SYS=4/9 [374/0]  TPL=0/0 [0/0]  APP= A.Map=[453]  E.Map EC/RC=[151/40] )
Wed May 11 11:22:43 UTC 2016|Alarm XML Parser|APP|XML Parsing Complete........ 
Wed May 11 11:22:43 UTC 2016|Alarm File Manager|APP|Alarm File Status.. [ApplicationAlarms.xml]|Version=1|Status=Done 
Wed May 11 11:22:43 UTC 2016|Alarm File Manager|APP|Alarm Stats = ( BC/AL=4/374 SYS=4/9 [374/0]  TPL=0/0 [0/0]  APP=0/0 [0/0]  A.Map=[453]  E.Map EC/RC=[151/40] )
Wed May 11 11:22:43 UTC 2016|ApplicationAlarmContext| &lt;&gt;&lt;&gt;&lt;&gt;&lt;&gt;&lt;&gt; Create App Alarms ....  &lt;&gt;&lt;&gt;&lt;&gt;&lt;&gt;&lt;&gt; 
Wed May 11 11:22:43 UTC 2016|ApplicationAlarmContext|Alarms are generated ONLY in Development Mode.. 
Wed May 11 11:22:43 UTC 2016|Alarm Manager|APP|Alarm Stats = ( BC/AL=4/374 SYS=4/9 [374/0]  TPL=0/0 [0/0]  APP=0/0 [0/0]  A.Map=[453]  E.Map EC/RC=[151/40] )
Wed May 11 11:22:43 UTC 2016|Alarm Manager|Initialized Exception Lookup...
Wed May 11 11:22:43 UTC 2016|Log Manager|Initialize Log Config File ......
Wed May 11 11:22:43 UTC 2016|Pluggable Connectors|Adding Connectors : StandardOutputConnector isEnabled=true isDefault=false isFallBack=true
Wed May 11 11:22:43 UTC 2016|Pluggable Connectors|Adding Connectors : StandardFileConnector isEnabled=true isDefault=false isFallBack=false
Wed May 11 11:22:43 UTC 2016|Pluggable Connectors|Adding Connectors : Sprinkler isEnabled=true isDefault=true isFallBack=false
Wed May 11 11:22:43 UTC 2016|Pluggable Connectors|Default Connector Name : com.spartan.logger.core.LogMessenger
Wed May 11 11:22:43 UTC 2016|Log Config Parser|Connector Least Log Level =[4]  FallBack Log Level =[3]
Wed May 11 11:22:43 UTC 2016|Log Manager|Loading Default Connector for Logging ......
Wed May 11 11:22:43 UTC 2016|Log Manager|Loading class .. com.spartan.logger.core.LogMessenger
Wed May 11 11:22:43 UTC 2016|Plugggable Connector|Connector class com.spartan.logger.core.LogMessenger Initialized... @ Log Level = 3
Wed May 11 11:22:43 UTC 2016|Log Manager|Starting the Default Connector [com.spartan.logger.core.LogMessenger@6b6e6a58] ....
Wed May 11 11:22:43 UTC 2016|Scheduler|Starting the Scheduler ......
Wed May 11 11:22:43 UTC 2016|Scheduler|Adding [LMID=[f60ee060-b5cf-402b-9dd1-45c340de682e]] Delay=5 Time Unit=MINUTES
Wed May 11 11:22:43 UTC 2016|Scheduler|Adding [App Alarm Manager File=[ApplicationAlarms.xml]] Delay=30 Time Unit=MINUTES
Wed May 11 11:22:43 UTC 2016|Scheduler|Adding [FW Alarm Manager File=[ApplicationFrameworkAlarms.xml]] Delay=3 Time Unit=MINUTES
Wed May 11 11:22:43 UTC 2016|Scheduler|Startup Completed..
Wed May 11 11:22:43 UTC 2016|Log Manager|Initialization Process Complete ......
Wed May 11 11:22:43 UTC 2016|Log Manager Factory|Log Manager READY! ID = f60ee060-b5cf-402b-9dd1-45c340de682e
Wed May 11 11:22:43 UTC 2016|Unknown Alarm = ORGLM312100100 Alarm Split = ORG-LM-3-1-2-100-100
[EL Fine]: sql: 2016-05-11 11:22:43.058--ClientSession(1988444732)--Connection(1845972934)--Thread(Thread[Test worker,5,main])--INSERT INTO ast_Country_M (countryId, capital, capitalLatitude, capitalLongitude, countryCode1, countryCode2, countryFlag, countryName, currencyCode, currencyName, currencySymbol, isoNumeric, versionId, createdBy, createdDate, updatedBy, updatedDate, activeStatus, txnAccessCode) VALUES (?, ?, ?, ?, ?, ?, ?, ?, ?, ?, ?, ?, ?, ?, ?, ?, ?, ?, ?)
	bind =&gt; [484049E4-AE68-4477-A73D-69455E03FEAB, ilqQai7ODb7w0HQUYMU7Ai8USQauC0uF, 10, 5, zSl, WzI, ndSJsgdA56j8fG7Ui9toAOSVc6LnI31hx3RcLF2HTVXFFyGwwP, tYGZ5512lZEY3oBPfBLfEZPzERnOLQEhLjsUjUDx6b2oLNpUrk, 5oX, IuKwLIsyRFgGsDs1im4NA6biiVJN3T1MZwUPopRL3KsaKy4eWE, 42b4ht6xauxaUfzUgWwTCg6zF3nF4QC0, 859, 1, AAAAA, 2016-05-11 11:22:43.054, AAAAA, 2016-05-11 11:22:43.054, 1, 51000]
Wed May 11 11:22:43 UTC 2016|Unknown Alarm = ORGLM312100100 Alarm Split = ORG-LM-3-1-2-100-100
[EL Fine]: sql: 2016-05-11 11:22:43.163--ClientSession(1276706254)--Connection(1845972934)--Thread(Thread[Test worker,5,main])--INSERT INTO ast_State_M (stateId, countryId, stateCapital, stateCapitalLatitude, stateCapitalLongitude, stateCode, stateCodeChar2, stateCodeChar3, stateDescription, stateFlag, stateName, versionId, createdBy, createdDate, updatedBy, updatedDate, activeStatus, txnAccessCode) VALUES (?, ?, ?, ?, ?, ?, ?, ?, ?, ?, ?, ?, ?, ?, ?, ?, ?, ?)
	bind =&gt; [5ilBpRhgAs93t8mtjCCfrThjh50M52aaUJKAZozUob3rr3VU0d, 484049E4-AE68-4477-A73D-69455E03FEAB, T873sVLiIwzNcgurROQ5sBCJbIrgVYLffGYtc5kJI0m6rVWINN, 2, 8, 1, gcMRxo0yCx3Ai6Tuz0Ff0dE6YlDWrUpp, i9Ry5isWrszRzCLMlo7xNxRB3Mc6k1zo, ElyPhrPuPxRm0cZDpfcgtu127myeQndxPVjF1wJxatksBZxRb1, aBbaSTBe6WTR13uEiXoFb4iK6qYPBzUplz7HwKVUbtoULBE56w, CtFBzMeHpqyKVHTX5zhjpCM7B86XBUQdDJGetLsFp7h5UmFyuM, 1, null, 2016-05-11 11:22:43.054, AAAAA, 2016-05-11 11:22:43.054, 1, 51000]
Wed May 11 11:22:43 UTC 2016|Unknown Alarm = ORGLM312100100 Alarm Split = ORG-LM-3-1-2-100-100
[EL Fine]: sql: 2016-05-11 11:22:43.184--ClientSession(1441606854)--Connection(1845972934)--Thread(Thread[Test worker,5,main])--INSERT INTO ast_City_M (cityId, cityCode, cityCodeChar2, cityDescription, cityFlag, cityLatitude, cityLongitude, cityName, countryId, stateId, versionId, createdBy, createdDate, updatedBy, updatedDate, activeStatus, txnAccessCode) VALUES (?, ?, ?, ?, ?, ?, ?, ?, ?, ?, ?, ?, ?, ?, ?, ?, ?)
	bind =&gt; [bAWxmUH6OjMec1JsSUy3lRIJ07J495ArJi22ISLOvt98Cy7rXP, 1, lLURvKWlTAZmwT5Po13QZXCRekphDLAf, Zy4TMRVPaSzQ9rSdgo6Q8WFquUZhf6MpYlwWyi5dmBx57d8JKz, 7TsPr3ug70Nw9ekQe1pTX7E5FjrlwYYjIKB3KSU2JNh7aAGfwi, 4, 8, 1RmxpIhhPPA7ytsCMi63QDyMeJBB7MyqQAVGcfekpgp4FwDI5G, 484049E4-AE68-4477-A73D-69455E03FEAB, 5ilBpRhgAs93t8mtjCCfrThjh50M52aaUJKAZozUob3rr3VU0d, 1, null, 2016-05-11 11:22:43.179, AAAAA, 2016-05-11 11:22:43.179, 1, 51000]
Wed May 11 11:22:43 UTC 2016|Unknown Alarm = ORGLM312100100 Alarm Split = ORG-LM-3-1-2-100-100
[EL Fine]: sql: 2016-05-11 11:22:43.227--ClientSession(929045479)--Connection(1845972934)--Thread(Thread[Test worker,5,main])--INSERT INTO ast_AddressType_M (addressTypeId, addressType, addressTypeDesc, addressTypeIcon, versionId, createdBy, createdDate, updatedBy, updatedDate, activeStatus, txnAccessCode) VALUES (?, ?, ?, ?, ?, ?, ?, ?, ?, ?, ?)
	bind =&gt; [C7576E32-9F8E-4D9F-A1FC-058735B62E77, 9owSaMdDB092GtNcuYUB7JmUFb1K1Y5vsmS6b2QOo0tMLQ3Syl, YOYJsGUNs040a6gVppabnopf6S3kbvw9MorXzlmZNbgwQtgvSr, U0F3lXh1BJQ8ClsEhGQaFPSMpWtyIrfT03r6TRXq6hegQ06yFp, 1, AAAAA, 2016-05-11 11:22:43.224, AAAAA, 2016-05-11 11:22:43.224, 1, 51000]
Setting logged in user info for ADD
Wed May 11 11:22:43 UTC 2016|Unknown Alarm = ORGLM312100100 Alarm Split = ORG-LM-3-1-2-100-100
[EL Fine]: sql: 2016-05-11 11:22:43.25--ClientSession(22755886)--Connection(1845972934)--Thread(Thread[Test worker,5,main])--INSERT INTO ast_Address_T (addressId, address1, address2, address3, addressLabel, addressTypeId, cityId, countryId, latitude, longitude, stateId, versionId, zipcode, createdBy, createdDate, updatedBy, updatedDate, activeStatus, txnAccessCode) VALUES (?, ?, ?, ?, ?, ?, ?, ?, ?, ?, ?, ?, ?, ?, ?, ?, ?, ?, ?)
	bind =&gt; [YjWqBjlZ2sZTsoGubZg6RMghWCiwM3GWtIyNZ7cjy3o3KiNqat, p1awd4WUX3seCHJALf0r6w7WYmCNpJibIXaKJvGTgdeKJkyNc6, TpLIWmWxhP5zpanpxdmggeiYvpIDQEAhTw0gRn54cY0k8jRoqI, QB8knERLv3qWw05qNHpofqQnOsHPeI2DLcxTEEozDQba9tJcOk, enWVp4WGmd4, C7576E32-9F8E-4D9F-A1FC-058735B62E77, bAWxmUH6OjMec1JsSUy3lRIJ07J495ArJi22ISLOvt98Cy7rXP, 484049E4-AE68-4477-A73D-69455E03FEAB, CTx6uYLeOh4hUoKrQY6XBTZfzTtyHUp2woS04VwHeMHeS5fJHW, 99R4qWkZBkDMN1bvx5TRiYYARR7Nhcx1WuenC3vxweGxNVYRIe, 5ilBpRhgAs93t8mtjCCfrThjh50M52aaUJKAZozUob3rr3VU0d, 1, wtlods, xyz, 2016-05-11 11:22:43.245, AAAAA, 2016-05-11 11:22:43.245, 1, 51000]
[EL Fine]: sql: 2016-05-11 11:22:43.276--ClientSession(1873565280)--Connection(1845972934)--Thread(Thread[Test worker,5,main])--SELECT addressId, address1, address2, address3, addressLabel, addressTypeId, cityId, countryId, latitude, longitude, stateId, versionId, zipcode, createdBy, createdDate, updatedBy, updatedDate, activeStatus, txnAccessCode FROM ast_Address_T WHERE ((activeStatus = ?) AND (addressId = ?))
	bind =&gt; [1, YjWqBjlZ2sZTsoGubZg6RMghWCiwM3GWtIyNZ7cjy3o3KiNqat]
Setting logged in user info for UPDATE
[EL Fine]: sql: 2016-05-11 11:22:43.284--ClientSession(1691175884)--Connection(1845972934)--Thread(Thread[Test worker,5,main])--SELECT addressId, address1, address2, address3, addressLabel, addressTypeId, cityId, countryId, latitude, longitude, stateId, versionId, zipcode, createdBy, createdDate, updatedBy, updatedDate, activeStatus, txnAccessCode FROM ast_Address_T WHERE (addressId = ?)
	bind =&gt; [YjWqBjlZ2sZTsoGubZg6RMghWCiwM3GWtIyNZ7cjy3o3KiNqat]
[EL Fine]: sql: 2016-05-11 11:22:43.287--ClientSession(1691175884)--Connection(1845972934)--Thread(Thread[Test worker,5,main])--UPDATE ast_Address_T SET address1 = ?, address2 = ?, address3 = ?, addressLabel = ?, latitude = ?, longitude = ?, zipcode = ?, versionId = ? WHERE ((addressId = ?) AND (versionId = ?))
	bind =&gt; [rJ4hcwabmdCIr2qmEcOrxllrRrSfV6DxcoWgAvIFWpS4PSUwNK, NGGZyFiSPbvE8o799pcJVqEdmMicYWazSCPmSsSoDl4G8sXTZE, XI4D7aNZUufitZLsGvn1nmvUInKAqmXhBk3sPH82ERlIJnHx1P, bAdKqniPDbm, pIPbAOi8djcNDoteOapiaBuGTpUbve2Dq1PCNfzEJRNmucPcbq, CHAvzqETxDF131DwSgFlc7euef4x1tMD2fRTVsVqA1SAyn5gj0, JMm8Cy, 2, YjWqBjlZ2sZTsoGubZg6RMghWCiwM3GWtIyNZ7cjy3o3KiNqat, 1]
[EL Fine]: sql: 2016-05-11 11:22:43.337--ClientSession(1252037335)--Connection(1845972934)--Thread(Thread[Test worker,5,main])--SELECT addressId, address1, address2, address3, addressLabel, addressTypeId, cityId, countryId, latitude, longitude, stateId, versionId, zipcode, createdBy, createdDate, updatedBy, updatedDate, activeStatus, txnAccessCode FROM ast_Address_T WHERE ((activeStatus = ?) AND (addressId = ?))
	bind =&gt; [1, YjWqBjlZ2sZTsoGubZg6RMghWCiwM3GWtIyNZ7cjy3o3KiNqat]
[EL Fine]: sql: 2016-05-11 11:22:43.345--ClientSession(1846901683)--Connection(1845972934)--Thread(Thread[Test worker,5,main])--SELECT addressId, address1, address2, address3, addressLabel, addressTypeId, cityId, countryId, latitude, longitude, stateId, versionId, zipcode, createdBy, createdDate, updatedBy, updatedDate, activeStatus, txnAccessCode FROM ast_Address_T WHERE ((activeStatus = ?) AND (addressTypeId = ?))
	bind =&gt; [1, C7576E32-9F8E-4D9F-A1FC-058735B62E77]
[EL Fine]: sql: 2016-05-11 11:22:43.354--ClientSession(1836138393)--Connection(1845972934)--Thread(Thread[Test worker,5,main])--SELECT addressId, address1, address2, address3, addressLabel, addressTypeId, cityId, countryId, latitude, longitude, stateId, versionId, zipcode, createdBy, createdDate, updatedBy, updatedDate, activeStatus, txnAccessCode FROM ast_Address_T WHERE ((activeStatus = ?) AND (cityId = ?))
	bind =&gt; [1, bAWxmUH6OjMec1JsSUy3lRIJ07J495ArJi22ISLOvt98Cy7rXP]
[EL Fine]: sql: 2016-05-11 11:22:43.364--ClientSession(517536257)--Connection(1845972934)--Thread(Thread[Test worker,5,main])--SELECT addressId, address1, address2, address3, addressLabel, addressTypeId, cityId, countryId, latitude, longitude, stateId, versionId, zipcode, createdBy, createdDate, updatedBy, updatedDate, activeStatus, txnAccessCode FROM ast_Address_T WHERE ((activeStatus = ?) AND (countryId = ?))
	bind =&gt; [1, 484049E4-AE68-4477-A73D-69455E03FEAB]
[EL Fine]: sql: 2016-05-11 11:22:43.376--ClientSession(439265964)--Connection(1845972934)--Thread(Thread[Test worker,5,main])--SELECT addressId, address1, address2, address3, addressLabel, addressTypeId, cityId, countryId, latitude, longitude, stateId, versionId, zipcode, createdBy, createdDate, updatedBy, updatedDate, activeStatus, txnAccessCode FROM ast_Address_T WHERE ((activeStatus = ?) AND (stateId = ?))
	bind =&gt; [1, 5ilBpRhgAs93t8mtjCCfrThjh50M52aaUJKAZozUob3rr3VU0d]
[EL Fine]: sql: 2016-05-11 11:22:43.431--ClientSession(1133849089)--Connection(1845972934)--Thread(Thread[Test worker,5,main])--SELECT addressId, address1, address2, address3, addressLabel, addressTypeId, cityId, countryId, latitude, longitude, stateId, versionId, zipcode, createdBy, createdDate, updatedBy, updatedDate, activeStatus, txnAccessCode FROM ast_Address_T WHERE (addressId = ?)
	bind =&gt; [YjWqBjlZ2sZTsoGubZg6RMghWCiwM3GWtIyNZ7cjy3o3KiNqat]
[EL Fine]: sql: 2016-05-11 11:22:43.433--ClientSession(1133849089)--Connection(1845972934)--Thread(Thread[Test worker,5,main])--DELETE FROM ast_Address_T WHERE ((addressId = ?) AND (versionId = ?))
	bind =&gt; [YjWqBjlZ2sZTsoGubZg6RMghWCiwM3GWtIyNZ7cjy3o3KiNqat, 2]
[EL Fine]: sql: 2016-05-11 11:22:43.614--ClientSession(1665129562)--Connection(1845972934)--Thread(Thread[Test worker,5,main])--SELECT addressTypeId, addressType, addressTypeDesc, addressTypeIcon, versionId, createdBy, createdDate, updatedBy, updatedDate, activeStatus, txnAccessCode FROM ast_AddressType_M WHERE (addressTypeId = ?)
	bind =&gt; [C7576E32-9F8E-4D9F-A1FC-058735B62E77]
[EL Fine]: sql: 2016-05-11 11:22:43.617--ClientSession(1665129562)--Connection(1845972934)--Thread(Thread[Test worker,5,main])--DELETE FROM ast_AddressType_M WHERE ((addressTypeId = ?) AND (versionId = ?))
	bind =&gt; [C7576E32-9F8E-4D9F-A1FC-058735B62E77, 1]
[EL Fine]: sql: 2016-05-11 11:22:43.743--ClientSession(1409174360)--Connection(1845972934)--Thread(Thread[Test worker,5,main])--SELECT cityId, cityCode, cityCodeChar2, cityDescription, cityFlag, cityLatitude, cityLongitude, cityName, countryId, stateId, versionId, createdBy, createdDate, updatedBy, updatedDate, activeStatus, txnAccessCode FROM ast_City_M WHERE (cityId = ?)
	bind =&gt; [bAWxmUH6OjMec1JsSUy3lRIJ07J495ArJi22ISLOvt98Cy7rXP]
[EL Fine]: sql: 2016-05-11 11:22:43.746--ClientSession(1409174360)--Connection(1845972934)--Thread(Thread[Test worker,5,main])--DELETE FROM ast_City_M WHERE ((cityId = ?) AND (versionId = ?))
	bind =&gt; [bAWxmUH6OjMec1JsSUy3lRIJ07J495ArJi22ISLOvt98Cy7rXP, 1]
[EL Fine]: sql: 2016-05-11 11:22:43.776--ClientSession(1974599536)--Connection(1845972934)--Thread(Thread[Test worker,5,main])--SELECT stateId, countryId, stateCapital, stateCapitalLatitude, stateCapitalLongitude, stateCode, stateCodeChar2, stateCodeChar3, stateDescription, stateFlag, stateName, versionId, createdBy, createdDate, updatedBy, updatedDate, activeStatus, txnAccessCode FROM ast_State_M WHERE (stateId = ?)
	bind =&gt; [5ilBpRhgAs93t8mtjCCfrThjh50M52aaUJKAZozUob3rr3VU0d]
[EL Fine]: sql: 2016-05-11 11:22:43.779--ClientSession(1974599536)--Connection(1845972934)--Thread(Thread[Test worker,5,main])--DELETE FROM ast_State_M WHERE ((stateId = ?) AND (versionId = ?))
	bind =&gt; [5ilBpRhgAs93t8mtjCCfrThjh50M52aaUJKAZozUob3rr3VU0d, 1]
[EL Fine]: sql: 2016-05-11 11:22:43.81--ClientSession(1347018798)--Connection(1845972934)--Thread(Thread[Test worker,5,main])--SELECT countryId, capital, capitalLatitude, capitalLongitude, countryCode1, countryCode2, countryFlag, countryName, currencyCode, currencyName, currencySymbol, isoNumeric, versionId, createdBy, createdDate, updatedBy, updatedDate, activeStatus, txnAccessCode FROM ast_Country_M WHERE (countryId = ?)
	bind =&gt; [484049E4-AE68-4477-A73D-69455E03FEAB]
[EL Fine]: sql: 2016-05-11 11:22:43.813--ClientSession(1347018798)--Connection(1845972934)--Thread(Thread[Test worker,5,main])--DELETE FROM ast_Country_M WHERE ((countryId = ?) AND (versionId = ?))
	bind =&gt; [484049E4-AE68-4477-A73D-69455E03FEAB, 1]
</pre>
</span>
</div>
<div id="tab2" class="tab">
<h2>Standard error</h2>
<span class="code">
<pre>com.app.shared.organization.locationmanagement.Address.addressLabel size must be between 0 and 11
com.spartan.pluggable.exception.security.InvalidDataException: 90007:Invalid Exception.:Reason = Not Available!
	at com.athena.server.pluggable.utils.helper.EntityValidatorHelper.validateEntity(EntityValidatorHelper.java:28)
	at com.app.shared.organization.locationmanagement.Address.isValid(Address.java:264)
	at com.app.server.service.organization.locationmanagement.AddressTestCase.validateAddress(AddressTestCase.java:330)
	at com.app.server.service.organization.locationmanagement.AddressTestCase.test5NegativeTesting(AddressTestCase.java:368)
	at sun.reflect.NativeMethodAccessorImpl.invoke0(Native Method)
	at sun.reflect.NativeMethodAccessorImpl.invoke(NativeMethodAccessorImpl.java:57)
	at sun.reflect.DelegatingMethodAccessorImpl.invoke(DelegatingMethodAccessorImpl.java:43)
	at java.lang.reflect.Method.invoke(Method.java:606)
	at org.junit.runners.model.FrameworkMethod$1.runReflectiveCall(FrameworkMethod.java:47)
	at org.junit.internal.runners.model.ReflectiveCallable.run(ReflectiveCallable.java:12)
	at org.junit.runners.model.FrameworkMethod.invokeExplosively(FrameworkMethod.java:44)
	at org.junit.internal.runners.statements.InvokeMethod.evaluate(InvokeMethod.java:17)
	at org.junit.internal.runners.statements.RunBefores.evaluate(RunBefores.java:26)
	at org.springframework.test.context.junit4.statements.RunBeforeTestMethodCallbacks.evaluate(RunBeforeTestMethodCallbacks.java:74)
	at org.junit.internal.runners.statements.RunAfters.evaluate(RunAfters.java:27)
	at org.springframework.test.context.junit4.statements.RunAfterTestMethodCallbacks.evaluate(RunAfterTestMethodCallbacks.java:83)
	at org.springframework.test.context.junit4.statements.SpringRepeat.evaluate(SpringRepeat.java:72)
	at org.springframework.test.context.junit4.SpringJUnit4ClassRunner.runChild(SpringJUnit4ClassRunner.java:233)
	at org.springframework.test.context.junit4.SpringJUnit4ClassRunner.runChild(SpringJUnit4ClassRunner.java:87)
	at org.junit.runners.ParentRunner$3.run(ParentRunner.java:238)
	at org.junit.runners.ParentRunner$1.schedule(ParentRunner.java:63)
	at org.junit.runners.ParentRunner.runChildren(ParentRunner.java:236)
	at org.junit.runners.ParentRunner.access$000(ParentRunner.java:53)
	at org.junit.runners.ParentRunner$2.evaluate(ParentRunner.java:229)
	at org.junit.internal.runners.statements.RunBefores.evaluate(RunBefores.java:26)
	at org.springframework.test.context.junit4.statements.RunBeforeTestClassCallbacks.evaluate(RunBeforeTestClassCallbacks.java:61)
	at org.springframework.test.context.junit4.statements.RunAfterTestClassCallbacks.evaluate(RunAfterTestClassCallbacks.java:71)
	at org.junit.runners.ParentRunner.run(ParentRunner.java:309)
	at org.springframework.test.context.junit4.SpringJUnit4ClassRunner.run(SpringJUnit4ClassRunner.java:176)
	at org.gradle.api.internal.tasks.testing.junit.JUnitTestClassExecuter.runTestClass(JUnitTestClassExecuter.java:86)
	at org.gradle.api.internal.tasks.testing.junit.JUnitTestClassExecuter.execute(JUnitTestClassExecuter.java:49)
	at org.gradle.api.internal.tasks.testing.junit.JUnitTestClassProcessor.processTestClass(JUnitTestClassProcessor.java:64)
	at org.gradle.api.internal.tasks.testing.SuiteTestClassProcessor.processTestClass(SuiteTestClassProcessor.java:50)
	at sun.reflect.GeneratedMethodAccessor105.invoke(Unknown Source)
	at sun.reflect.DelegatingMethodAccessorImpl.invoke(DelegatingMethodAccessorImpl.java:43)
	at java.lang.reflect.Method.invoke(Method.java:606)
	at org.gradle.messaging.dispatch.ReflectionDispatch.dispatch(ReflectionDispatch.java:35)
	at org.gradle.messaging.dispatch.ReflectionDispatch.dispatch(ReflectionDispatch.java:24)
	at org.gradle.messaging.dispatch.ContextClassLoaderDispatch.dispatch(ContextClassLoaderDispatch.java:32)
	at org.gradle.messaging.dispatch.ProxyDispatchAdapter$DispatchingInvocationHandler.invoke(ProxyDispatchAdapter.java:93)
	at com.sun.proxy.$Proxy2.processTestClass(Unknown Source)
	at org.gradle.api.internal.tasks.testing.worker.TestWorker.processTestClass(TestWorker.java:106)
	at sun.reflect.GeneratedMethodAccessor104.invoke(Unknown Source)
	at sun.reflect.DelegatingMethodAccessorImpl.invoke(DelegatingMethodAccessorImpl.java:43)
	at java.lang.reflect.Method.invoke(Method.java:606)
	at org.gradle.messaging.dispatch.ReflectionDispatch.dispatch(ReflectionDispatch.java:35)
	at org.gradle.messaging.dispatch.ReflectionDispatch.dispatch(ReflectionDispatch.java:24)
	at org.gradle.messaging.remote.internal.hub.MessageHub$Handler.run(MessageHub.java:360)
	at org.gradle.internal.concurrent.DefaultExecutorFactory$StoppableExecutorImpl$1.run(DefaultExecutorFactory.java:64)
	at java.util.concurrent.ThreadPoolExecutor.runWorker(ThreadPoolExecutor.java:1145)
	at java.util.concurrent.ThreadPoolExecutor$Worker.run(ThreadPoolExecutor.java:615)
	at java.lang.Thread.run(Thread.java:745)
com.app.shared.organization.locationmanagement.Address.address1 size must be between 0 and 56
com.spartan.pluggable.exception.security.InvalidDataException: 90007:Invalid Exception.:Reason = Not Available!
	at com.athena.server.pluggable.utils.helper.EntityValidatorHelper.validateEntity(EntityValidatorHelper.java:28)
	at com.app.shared.organization.locationmanagement.Address.isValid(Address.java:264)
	at com.app.server.service.organization.locationmanagement.AddressTestCase.validateAddress(AddressTestCase.java:330)
	at com.app.server.service.organization.locationmanagement.AddressTestCase.test5NegativeTesting(AddressTestCase.java:373)
	at sun.reflect.NativeMethodAccessorImpl.invoke0(Native Method)
	at sun.reflect.NativeMethodAccessorImpl.invoke(NativeMethodAccessorImpl.java:57)
	at sun.reflect.DelegatingMethodAccessorImpl.invoke(DelegatingMethodAccessorImpl.java:43)
	at java.lang.reflect.Method.invoke(Method.java:606)
	at org.junit.runners.model.FrameworkMethod$1.runReflectiveCall(FrameworkMethod.java:47)
	at org.junit.internal.runners.model.ReflectiveCallable.run(ReflectiveCallable.java:12)
	at org.junit.runners.model.FrameworkMethod.invokeExplosively(FrameworkMethod.java:44)
	at org.junit.internal.runners.statements.InvokeMethod.evaluate(InvokeMethod.java:17)
	at org.junit.internal.runners.statements.RunBefores.evaluate(RunBefores.java:26)
	at org.springframework.test.context.junit4.statements.RunBeforeTestMethodCallbacks.evaluate(RunBeforeTestMethodCallbacks.java:74)
	at org.junit.internal.runners.statements.RunAfters.evaluate(RunAfters.java:27)
	at org.springframework.test.context.junit4.statements.RunAfterTestMethodCallbacks.evaluate(RunAfterTestMethodCallbacks.java:83)
	at org.springframework.test.context.junit4.statements.SpringRepeat.evaluate(SpringRepeat.java:72)
	at org.springframework.test.context.junit4.SpringJUnit4ClassRunner.runChild(SpringJUnit4ClassRunner.java:233)
	at org.springframework.test.context.junit4.SpringJUnit4ClassRunner.runChild(SpringJUnit4ClassRunner.java:87)
	at org.junit.runners.ParentRunner$3.run(ParentRunner.java:238)
	at org.junit.runners.ParentRunner$1.schedule(ParentRunner.java:63)
	at org.junit.runners.ParentRunner.runChildren(ParentRunner.java:236)
	at org.junit.runners.ParentRunner.access$000(ParentRunner.java:53)
	at org.junit.runners.ParentRunner$2.evaluate(ParentRunner.java:229)
	at org.junit.internal.runners.statements.RunBefores.evaluate(RunBefores.java:26)
	at org.springframework.test.context.junit4.statements.RunBeforeTestClassCallbacks.evaluate(RunBeforeTestClassCallbacks.java:61)
	at org.springframework.test.context.junit4.statements.RunAfterTestClassCallbacks.evaluate(RunAfterTestClassCallbacks.java:71)
	at org.junit.runners.ParentRunner.run(ParentRunner.java:309)
	at org.springframework.test.context.junit4.SpringJUnit4ClassRunner.run(SpringJUnit4ClassRunner.java:176)
	at org.gradle.api.internal.tasks.testing.junit.JUnitTestClassExecuter.runTestClass(JUnitTestClassExecuter.java:86)
	at org.gradle.api.internal.tasks.testing.junit.JUnitTestClassExecuter.execute(JUnitTestClassExecuter.java:49)
	at org.gradle.api.internal.tasks.testing.junit.JUnitTestClassProcessor.processTestClass(JUnitTestClassProcessor.java:64)
	at org.gradle.api.internal.tasks.testing.SuiteTestClassProcessor.processTestClass(SuiteTestClassProcessor.java:50)
	at sun.reflect.GeneratedMethodAccessor105.invoke(Unknown Source)
	at sun.reflect.DelegatingMethodAccessorImpl.invoke(DelegatingMethodAccessorImpl.java:43)
	at java.lang.reflect.Method.invoke(Method.java:606)
	at org.gradle.messaging.dispatch.ReflectionDispatch.dispatch(ReflectionDispatch.java:35)
	at org.gradle.messaging.dispatch.ReflectionDispatch.dispatch(ReflectionDispatch.java:24)
	at org.gradle.messaging.dispatch.ContextClassLoaderDispatch.dispatch(ContextClassLoaderDispatch.java:32)
	at org.gradle.messaging.dispatch.ProxyDispatchAdapter$DispatchingInvocationHandler.invoke(ProxyDispatchAdapter.java:93)
	at com.sun.proxy.$Proxy2.processTestClass(Unknown Source)
	at org.gradle.api.internal.tasks.testing.worker.TestWorker.processTestClass(TestWorker.java:106)
	at sun.reflect.GeneratedMethodAccessor104.invoke(Unknown Source)
	at sun.reflect.DelegatingMethodAccessorImpl.invoke(DelegatingMethodAccessorImpl.java:43)
	at java.lang.reflect.Method.invoke(Method.java:606)
	at org.gradle.messaging.dispatch.ReflectionDispatch.dispatch(ReflectionDispatch.java:35)
	at org.gradle.messaging.dispatch.ReflectionDispatch.dispatch(ReflectionDispatch.java:24)
	at org.gradle.messaging.remote.internal.hub.MessageHub$Handler.run(MessageHub.java:360)
	at org.gradle.internal.concurrent.DefaultExecutorFactory$StoppableExecutorImpl$1.run(DefaultExecutorFactory.java:64)
	at java.util.concurrent.ThreadPoolExecutor.runWorker(ThreadPoolExecutor.java:1145)
	at java.util.concurrent.ThreadPoolExecutor$Worker.run(ThreadPoolExecutor.java:615)
	at java.lang.Thread.run(Thread.java:745)
com.app.shared.organization.locationmanagement.Address.address2 size must be between 0 and 56
com.spartan.pluggable.exception.security.InvalidDataException: 90007:Invalid Exception.:Reason = Not Available!
	at com.athena.server.pluggable.utils.helper.EntityValidatorHelper.validateEntity(EntityValidatorHelper.java:28)
	at com.app.shared.organization.locationmanagement.Address.isValid(Address.java:264)
	at com.app.server.service.organization.locationmanagement.AddressTestCase.validateAddress(AddressTestCase.java:330)
	at com.app.server.service.organization.locationmanagement.AddressTestCase.test5NegativeTesting(AddressTestCase.java:378)
	at sun.reflect.NativeMethodAccessorImpl.invoke0(Native Method)
	at sun.reflect.NativeMethodAccessorImpl.invoke(NativeMethodAccessorImpl.java:57)
	at sun.reflect.DelegatingMethodAccessorImpl.invoke(DelegatingMethodAccessorImpl.java:43)
	at java.lang.reflect.Method.invoke(Method.java:606)
	at org.junit.runners.model.FrameworkMethod$1.runReflectiveCall(FrameworkMethod.java:47)
	at org.junit.internal.runners.model.ReflectiveCallable.run(ReflectiveCallable.java:12)
	at org.junit.runners.model.FrameworkMethod.invokeExplosively(FrameworkMethod.java:44)
	at org.junit.internal.runners.statements.InvokeMethod.evaluate(InvokeMethod.java:17)
	at org.junit.internal.runners.statements.RunBefores.evaluate(RunBefores.java:26)
	at org.springframework.test.context.junit4.statements.RunBeforeTestMethodCallbacks.evaluate(RunBeforeTestMethodCallbacks.java:74)
	at org.junit.internal.runners.statements.RunAfters.evaluate(RunAfters.java:27)
	at org.springframework.test.context.junit4.statements.RunAfterTestMethodCallbacks.evaluate(RunAfterTestMethodCallbacks.java:83)
	at org.springframework.test.context.junit4.statements.SpringRepeat.evaluate(SpringRepeat.java:72)
	at org.springframework.test.context.junit4.SpringJUnit4ClassRunner.runChild(SpringJUnit4ClassRunner.java:233)
	at org.springframework.test.context.junit4.SpringJUnit4ClassRunner.runChild(SpringJUnit4ClassRunner.java:87)
	at org.junit.runners.ParentRunner$3.run(ParentRunner.java:238)
	at org.junit.runners.ParentRunner$1.schedule(ParentRunner.java:63)
	at org.junit.runners.ParentRunner.runChildren(ParentRunner.java:236)
	at org.junit.runners.ParentRunner.access$000(ParentRunner.java:53)
	at org.junit.runners.ParentRunner$2.evaluate(ParentRunner.java:229)
	at org.junit.internal.runners.statements.RunBefores.evaluate(RunBefores.java:26)
	at org.springframework.test.context.junit4.statements.RunBeforeTestClassCallbacks.evaluate(RunBeforeTestClassCallbacks.java:61)
	at org.springframework.test.context.junit4.statements.RunAfterTestClassCallbacks.evaluate(RunAfterTestClassCallbacks.java:71)
	at org.junit.runners.ParentRunner.run(ParentRunner.java:309)
	at org.springframework.test.context.junit4.SpringJUnit4ClassRunner.run(SpringJUnit4ClassRunner.java:176)
	at org.gradle.api.internal.tasks.testing.junit.JUnitTestClassExecuter.runTestClass(JUnitTestClassExecuter.java:86)
	at org.gradle.api.internal.tasks.testing.junit.JUnitTestClassExecuter.execute(JUnitTestClassExecuter.java:49)
	at org.gradle.api.internal.tasks.testing.junit.JUnitTestClassProcessor.processTestClass(JUnitTestClassProcessor.java:64)
	at org.gradle.api.internal.tasks.testing.SuiteTestClassProcessor.processTestClass(SuiteTestClassProcessor.java:50)
	at sun.reflect.GeneratedMethodAccessor105.invoke(Unknown Source)
	at sun.reflect.DelegatingMethodAccessorImpl.invoke(DelegatingMethodAccessorImpl.java:43)
	at java.lang.reflect.Method.invoke(Method.java:606)
	at org.gradle.messaging.dispatch.ReflectionDispatch.dispatch(ReflectionDispatch.java:35)
	at org.gradle.messaging.dispatch.ReflectionDispatch.dispatch(ReflectionDispatch.java:24)
	at org.gradle.messaging.dispatch.ContextClassLoaderDispatch.dispatch(ContextClassLoaderDispatch.java:32)
	at org.gradle.messaging.dispatch.ProxyDispatchAdapter$DispatchingInvocationHandler.invoke(ProxyDispatchAdapter.java:93)
	at com.sun.proxy.$Proxy2.processTestClass(Unknown Source)
	at org.gradle.api.internal.tasks.testing.worker.TestWorker.processTestClass(TestWorker.java:106)
	at sun.reflect.GeneratedMethodAccessor104.invoke(Unknown Source)
	at sun.reflect.DelegatingMethodAccessorImpl.invoke(DelegatingMethodAccessorImpl.java:43)
	at java.lang.reflect.Method.invoke(Method.java:606)
	at org.gradle.messaging.dispatch.ReflectionDispatch.dispatch(ReflectionDispatch.java:35)
	at org.gradle.messaging.dispatch.ReflectionDispatch.dispatch(ReflectionDispatch.java:24)
	at org.gradle.messaging.remote.internal.hub.MessageHub$Handler.run(MessageHub.java:360)
	at org.gradle.internal.concurrent.DefaultExecutorFactory$StoppableExecutorImpl$1.run(DefaultExecutorFactory.java:64)
	at java.util.concurrent.ThreadPoolExecutor.runWorker(ThreadPoolExecutor.java:1145)
	at java.util.concurrent.ThreadPoolExecutor$Worker.run(ThreadPoolExecutor.java:615)
	at java.lang.Thread.run(Thread.java:745)
com.app.shared.organization.locationmanagement.Address.address3 size must be between 0 and 56
com.spartan.pluggable.exception.security.InvalidDataException: 90007:Invalid Exception.:Reason = Not Available!
	at com.athena.server.pluggable.utils.helper.EntityValidatorHelper.validateEntity(EntityValidatorHelper.java:28)
	at com.app.shared.organization.locationmanagement.Address.isValid(Address.java:264)
	at com.app.server.service.organization.locationmanagement.AddressTestCase.validateAddress(AddressTestCase.java:330)
	at com.app.server.service.organization.locationmanagement.AddressTestCase.test5NegativeTesting(AddressTestCase.java:383)
	at sun.reflect.NativeMethodAccessorImpl.invoke0(Native Method)
	at sun.reflect.NativeMethodAccessorImpl.invoke(NativeMethodAccessorImpl.java:57)
	at sun.reflect.DelegatingMethodAccessorImpl.invoke(DelegatingMethodAccessorImpl.java:43)
	at java.lang.reflect.Method.invoke(Method.java:606)
	at org.junit.runners.model.FrameworkMethod$1.runReflectiveCall(FrameworkMethod.java:47)
	at org.junit.internal.runners.model.ReflectiveCallable.run(ReflectiveCallable.java:12)
	at org.junit.runners.model.FrameworkMethod.invokeExplosively(FrameworkMethod.java:44)
	at org.junit.internal.runners.statements.InvokeMethod.evaluate(InvokeMethod.java:17)
	at org.junit.internal.runners.statements.RunBefores.evaluate(RunBefores.java:26)
	at org.springframework.test.context.junit4.statements.RunBeforeTestMethodCallbacks.evaluate(RunBeforeTestMethodCallbacks.java:74)
	at org.junit.internal.runners.statements.RunAfters.evaluate(RunAfters.java:27)
	at org.springframework.test.context.junit4.statements.RunAfterTestMethodCallbacks.evaluate(RunAfterTestMethodCallbacks.java:83)
	at org.springframework.test.context.junit4.statements.SpringRepeat.evaluate(SpringRepeat.java:72)
	at org.springframework.test.context.junit4.SpringJUnit4ClassRunner.runChild(SpringJUnit4ClassRunner.java:233)
	at org.springframework.test.context.junit4.SpringJUnit4ClassRunner.runChild(SpringJUnit4ClassRunner.java:87)
	at org.junit.runners.ParentRunner$3.run(ParentRunner.java:238)
	at org.junit.runners.ParentRunner$1.schedule(ParentRunner.java:63)
	at org.junit.runners.ParentRunner.runChildren(ParentRunner.java:236)
	at org.junit.runners.ParentRunner.access$000(ParentRunner.java:53)
	at org.junit.runners.ParentRunner$2.evaluate(ParentRunner.java:229)
	at org.junit.internal.runners.statements.RunBefores.evaluate(RunBefores.java:26)
	at org.springframework.test.context.junit4.statements.RunBeforeTestClassCallbacks.evaluate(RunBeforeTestClassCallbacks.java:61)
	at org.springframework.test.context.junit4.statements.RunAfterTestClassCallbacks.evaluate(RunAfterTestClassCallbacks.java:71)
	at org.junit.runners.ParentRunner.run(ParentRunner.java:309)
	at org.springframework.test.context.junit4.SpringJUnit4ClassRunner.run(SpringJUnit4ClassRunner.java:176)
	at org.gradle.api.internal.tasks.testing.junit.JUnitTestClassExecuter.runTestClass(JUnitTestClassExecuter.java:86)
	at org.gradle.api.internal.tasks.testing.junit.JUnitTestClassExecuter.execute(JUnitTestClassExecuter.java:49)
	at org.gradle.api.internal.tasks.testing.junit.JUnitTestClassProcessor.processTestClass(JUnitTestClassProcessor.java:64)
	at org.gradle.api.internal.tasks.testing.SuiteTestClassProcessor.processTestClass(SuiteTestClassProcessor.java:50)
	at sun.reflect.GeneratedMethodAccessor105.invoke(Unknown Source)
	at sun.reflect.DelegatingMethodAccessorImpl.invoke(DelegatingMethodAccessorImpl.java:43)
	at java.lang.reflect.Method.invoke(Method.java:606)
	at org.gradle.messaging.dispatch.ReflectionDispatch.dispatch(ReflectionDispatch.java:35)
	at org.gradle.messaging.dispatch.ReflectionDispatch.dispatch(ReflectionDispatch.java:24)
	at org.gradle.messaging.dispatch.ContextClassLoaderDispatch.dispatch(ContextClassLoaderDispatch.java:32)
	at org.gradle.messaging.dispatch.ProxyDispatchAdapter$DispatchingInvocationHandler.invoke(ProxyDispatchAdapter.java:93)
	at com.sun.proxy.$Proxy2.processTestClass(Unknown Source)
	at org.gradle.api.internal.tasks.testing.worker.TestWorker.processTestClass(TestWorker.java:106)
	at sun.reflect.GeneratedMethodAccessor104.invoke(Unknown Source)
	at sun.reflect.DelegatingMethodAccessorImpl.invoke(DelegatingMethodAccessorImpl.java:43)
	at java.lang.reflect.Method.invoke(Method.java:606)
	at org.gradle.messaging.dispatch.ReflectionDispatch.dispatch(ReflectionDispatch.java:35)
	at org.gradle.messaging.dispatch.ReflectionDispatch.dispatch(ReflectionDispatch.java:24)
	at org.gradle.messaging.remote.internal.hub.MessageHub$Handler.run(MessageHub.java:360)
	at org.gradle.internal.concurrent.DefaultExecutorFactory$StoppableExecutorImpl$1.run(DefaultExecutorFactory.java:64)
	at java.util.concurrent.ThreadPoolExecutor.runWorker(ThreadPoolExecutor.java:1145)
	at java.util.concurrent.ThreadPoolExecutor$Worker.run(ThreadPoolExecutor.java:615)
	at java.lang.Thread.run(Thread.java:745)
com.app.shared.organization.locationmanagement.Address.zipcode may not be null
com.spartan.pluggable.exception.security.InvalidDataException: 90007:Invalid Exception.:Reason = Not Available!
	at com.athena.server.pluggable.utils.helper.EntityValidatorHelper.validateEntity(EntityValidatorHelper.java:28)
	at com.app.shared.organization.locationmanagement.Address.isValid(Address.java:264)
	at com.app.server.service.organization.locationmanagement.AddressTestCase.validateAddress(AddressTestCase.java:332)
	at com.app.server.service.organization.locationmanagement.AddressTestCase.test5NegativeTesting(AddressTestCase.java:389)
	at sun.reflect.NativeMethodAccessorImpl.invoke0(Native Method)
	at sun.reflect.NativeMethodAccessorImpl.invoke(NativeMethodAccessorImpl.java:57)
	at sun.reflect.DelegatingMethodAccessorImpl.invoke(DelegatingMethodAccessorImpl.java:43)
	at java.lang.reflect.Method.invoke(Method.java:606)
	at org.junit.runners.model.FrameworkMethod$1.runReflectiveCall(FrameworkMethod.java:47)
	at org.junit.internal.runners.model.ReflectiveCallable.run(ReflectiveCallable.java:12)
	at org.junit.runners.model.FrameworkMethod.invokeExplosively(FrameworkMethod.java:44)
	at org.junit.internal.runners.statements.InvokeMethod.evaluate(InvokeMethod.java:17)
	at org.junit.internal.runners.statements.RunBefores.evaluate(RunBefores.java:26)
	at org.springframework.test.context.junit4.statements.RunBeforeTestMethodCallbacks.evaluate(RunBeforeTestMethodCallbacks.java:74)
	at org.junit.internal.runners.statements.RunAfters.evaluate(RunAfters.java:27)
	at org.springframework.test.context.junit4.statements.RunAfterTestMethodCallbacks.evaluate(RunAfterTestMethodCallbacks.java:83)
	at org.springframework.test.context.junit4.statements.SpringRepeat.evaluate(SpringRepeat.java:72)
	at org.springframework.test.context.junit4.SpringJUnit4ClassRunner.runChild(SpringJUnit4ClassRunner.java:233)
	at org.springframework.test.context.junit4.SpringJUnit4ClassRunner.runChild(SpringJUnit4ClassRunner.java:87)
	at org.junit.runners.ParentRunner$3.run(ParentRunner.java:238)
	at org.junit.runners.ParentRunner$1.schedule(ParentRunner.java:63)
	at org.junit.runners.ParentRunner.runChildren(ParentRunner.java:236)
	at org.junit.runners.ParentRunner.access$000(ParentRunner.java:53)
	at org.junit.runners.ParentRunner$2.evaluate(ParentRunner.java:229)
	at org.junit.internal.runners.statements.RunBefores.evaluate(RunBefores.java:26)
	at org.springframework.test.context.junit4.statements.RunBeforeTestClassCallbacks.evaluate(RunBeforeTestClassCallbacks.java:61)
	at org.springframework.test.context.junit4.statements.RunAfterTestClassCallbacks.evaluate(RunAfterTestClassCallbacks.java:71)
	at org.junit.runners.ParentRunner.run(ParentRunner.java:309)
	at org.springframework.test.context.junit4.SpringJUnit4ClassRunner.run(SpringJUnit4ClassRunner.java:176)
	at org.gradle.api.internal.tasks.testing.junit.JUnitTestClassExecuter.runTestClass(JUnitTestClassExecuter.java:86)
	at org.gradle.api.internal.tasks.testing.junit.JUnitTestClassExecuter.execute(JUnitTestClassExecuter.java:49)
	at org.gradle.api.internal.tasks.testing.junit.JUnitTestClassProcessor.processTestClass(JUnitTestClassProcessor.java:64)
	at org.gradle.api.internal.tasks.testing.SuiteTestClassProcessor.processTestClass(SuiteTestClassProcessor.java:50)
	at sun.reflect.GeneratedMethodAccessor105.invoke(Unknown Source)
	at sun.reflect.DelegatingMethodAccessorImpl.invoke(DelegatingMethodAccessorImpl.java:43)
	at java.lang.reflect.Method.invoke(Method.java:606)
	at org.gradle.messaging.dispatch.ReflectionDispatch.dispatch(ReflectionDispatch.java:35)
	at org.gradle.messaging.dispatch.ReflectionDispatch.dispatch(ReflectionDispatch.java:24)
	at org.gradle.messaging.dispatch.ContextClassLoaderDispatch.dispatch(ContextClassLoaderDispatch.java:32)
	at org.gradle.messaging.dispatch.ProxyDispatchAdapter$DispatchingInvocationHandler.invoke(ProxyDispatchAdapter.java:93)
	at com.sun.proxy.$Proxy2.processTestClass(Unknown Source)
	at org.gradle.api.internal.tasks.testing.worker.TestWorker.processTestClass(TestWorker.java:106)
	at sun.reflect.GeneratedMethodAccessor104.invoke(Unknown Source)
	at sun.reflect.DelegatingMethodAccessorImpl.invoke(DelegatingMethodAccessorImpl.java:43)
	at java.lang.reflect.Method.invoke(Method.java:606)
	at org.gradle.messaging.dispatch.ReflectionDispatch.dispatch(ReflectionDispatch.java:35)
	at org.gradle.messaging.dispatch.ReflectionDispatch.dispatch(ReflectionDispatch.java:24)
	at org.gradle.messaging.remote.internal.hub.MessageHub$Handler.run(MessageHub.java:360)
	at org.gradle.internal.concurrent.DefaultExecutorFactory$StoppableExecutorImpl$1.run(DefaultExecutorFactory.java:64)
	at java.util.concurrent.ThreadPoolExecutor.runWorker(ThreadPoolExecutor.java:1145)
	at java.util.concurrent.ThreadPoolExecutor$Worker.run(ThreadPoolExecutor.java:615)
	at java.lang.Thread.run(Thread.java:745)
com.app.shared.organization.locationmanagement.Address.zipcode size must be between 0 and 6
com.spartan.pluggable.exception.security.InvalidDataException: 90007:Invalid Exception.:Reason = Not Available!
	at com.athena.server.pluggable.utils.helper.EntityValidatorHelper.validateEntity(EntityValidatorHelper.java:28)
	at com.app.shared.organization.locationmanagement.Address.isValid(Address.java:264)
	at com.app.server.service.organization.locationmanagement.AddressTestCase.validateAddress(AddressTestCase.java:330)
	at com.app.server.service.organization.locationmanagement.AddressTestCase.test5NegativeTesting(AddressTestCase.java:394)
	at sun.reflect.NativeMethodAccessorImpl.invoke0(Native Method)
	at sun.reflect.NativeMethodAccessorImpl.invoke(NativeMethodAccessorImpl.java:57)
	at sun.reflect.DelegatingMethodAccessorImpl.invoke(DelegatingMethodAccessorImpl.java:43)
	at java.lang.reflect.Method.invoke(Method.java:606)
	at org.junit.runners.model.FrameworkMethod$1.runReflectiveCall(FrameworkMethod.java:47)
	at org.junit.internal.runners.model.ReflectiveCallable.run(ReflectiveCallable.java:12)
	at org.junit.runners.model.FrameworkMethod.invokeExplosively(FrameworkMethod.java:44)
	at org.junit.internal.runners.statements.InvokeMethod.evaluate(InvokeMethod.java:17)
	at org.junit.internal.runners.statements.RunBefores.evaluate(RunBefores.java:26)
	at org.springframework.test.context.junit4.statements.RunBeforeTestMethodCallbacks.evaluate(RunBeforeTestMethodCallbacks.java:74)
	at org.junit.internal.runners.statements.RunAfters.evaluate(RunAfters.java:27)
	at org.springframework.test.context.junit4.statements.RunAfterTestMethodCallbacks.evaluate(RunAfterTestMethodCallbacks.java:83)
	at org.springframework.test.context.junit4.statements.SpringRepeat.evaluate(SpringRepeat.java:72)
	at org.springframework.test.context.junit4.SpringJUnit4ClassRunner.runChild(SpringJUnit4ClassRunner.java:233)
	at org.springframework.test.context.junit4.SpringJUnit4ClassRunner.runChild(SpringJUnit4ClassRunner.java:87)
	at org.junit.runners.ParentRunner$3.run(ParentRunner.java:238)
	at org.junit.runners.ParentRunner$1.schedule(ParentRunner.java:63)
	at org.junit.runners.ParentRunner.runChildren(ParentRunner.java:236)
	at org.junit.runners.ParentRunner.access$000(ParentRunner.java:53)
	at org.junit.runners.ParentRunner$2.evaluate(ParentRunner.java:229)
	at org.junit.internal.runners.statements.RunBefores.evaluate(RunBefores.java:26)
	at org.springframework.test.context.junit4.statements.RunBeforeTestClassCallbacks.evaluate(RunBeforeTestClassCallbacks.java:61)
	at org.springframework.test.context.junit4.statements.RunAfterTestClassCallbacks.evaluate(RunAfterTestClassCallbacks.java:71)
	at org.junit.runners.ParentRunner.run(ParentRunner.java:309)
	at org.springframework.test.context.junit4.SpringJUnit4ClassRunner.run(SpringJUnit4ClassRunner.java:176)
	at org.gradle.api.internal.tasks.testing.junit.JUnitTestClassExecuter.runTestClass(JUnitTestClassExecuter.java:86)
	at org.gradle.api.internal.tasks.testing.junit.JUnitTestClassExecuter.execute(JUnitTestClassExecuter.java:49)
	at org.gradle.api.internal.tasks.testing.junit.JUnitTestClassProcessor.processTestClass(JUnitTestClassProcessor.java:64)
	at org.gradle.api.internal.tasks.testing.SuiteTestClassProcessor.processTestClass(SuiteTestClassProcessor.java:50)
	at sun.reflect.GeneratedMethodAccessor105.invoke(Unknown Source)
	at sun.reflect.DelegatingMethodAccessorImpl.invoke(DelegatingMethodAccessorImpl.java:43)
	at java.lang.reflect.Method.invoke(Method.java:606)
	at org.gradle.messaging.dispatch.ReflectionDispatch.dispatch(ReflectionDispatch.java:35)
	at org.gradle.messaging.dispatch.ReflectionDispatch.dispatch(ReflectionDispatch.java:24)
	at org.gradle.messaging.dispatch.ContextClassLoaderDispatch.dispatch(ContextClassLoaderDispatch.java:32)
	at org.gradle.messaging.dispatch.ProxyDispatchAdapter$DispatchingInvocationHandler.invoke(ProxyDispatchAdapter.java:93)
	at com.sun.proxy.$Proxy2.processTestClass(Unknown Source)
	at org.gradle.api.internal.tasks.testing.worker.TestWorker.processTestClass(TestWorker.java:106)
	at sun.reflect.GeneratedMethodAccessor104.invoke(Unknown Source)
	at sun.reflect.DelegatingMethodAccessorImpl.invoke(DelegatingMethodAccessorImpl.java:43)
	at java.lang.reflect.Method.invoke(Method.java:606)
	at org.gradle.messaging.dispatch.ReflectionDispatch.dispatch(ReflectionDispatch.java:35)
	at org.gradle.messaging.dispatch.ReflectionDispatch.dispatch(ReflectionDispatch.java:24)
	at org.gradle.messaging.remote.internal.hub.MessageHub$Handler.run(MessageHub.java:360)
	at org.gradle.internal.concurrent.DefaultExecutorFactory$StoppableExecutorImpl$1.run(DefaultExecutorFactory.java:64)
	at java.util.concurrent.ThreadPoolExecutor.runWorker(ThreadPoolExecutor.java:1145)
	at java.util.concurrent.ThreadPoolExecutor$Worker.run(ThreadPoolExecutor.java:615)
	at java.lang.Thread.run(Thread.java:745)
com.app.shared.organization.locationmanagement.Address.latitude size must be between 0 and 64
com.spartan.pluggable.exception.security.InvalidDataException: 90007:Invalid Exception.:Reason = Not Available!
	at com.athena.server.pluggable.utils.helper.EntityValidatorHelper.validateEntity(EntityValidatorHelper.java:28)
	at com.app.shared.organization.locationmanagement.Address.isValid(Address.java:264)
	at com.app.server.service.organization.locationmanagement.AddressTestCase.validateAddress(AddressTestCase.java:330)
	at com.app.server.service.organization.locationmanagement.AddressTestCase.test5NegativeTesting(AddressTestCase.java:399)
	at sun.reflect.NativeMethodAccessorImpl.invoke0(Native Method)
	at sun.reflect.NativeMethodAccessorImpl.invoke(NativeMethodAccessorImpl.java:57)
	at sun.reflect.DelegatingMethodAccessorImpl.invoke(DelegatingMethodAccessorImpl.java:43)
	at java.lang.reflect.Method.invoke(Method.java:606)
	at org.junit.runners.model.FrameworkMethod$1.runReflectiveCall(FrameworkMethod.java:47)
	at org.junit.internal.runners.model.ReflectiveCallable.run(ReflectiveCallable.java:12)
	at org.junit.runners.model.FrameworkMethod.invokeExplosively(FrameworkMethod.java:44)
	at org.junit.internal.runners.statements.InvokeMethod.evaluate(InvokeMethod.java:17)
	at org.junit.internal.runners.statements.RunBefores.evaluate(RunBefores.java:26)
	at org.springframework.test.context.junit4.statements.RunBeforeTestMethodCallbacks.evaluate(RunBeforeTestMethodCallbacks.java:74)
	at org.junit.internal.runners.statements.RunAfters.evaluate(RunAfters.java:27)
	at org.springframework.test.context.junit4.statements.RunAfterTestMethodCallbacks.evaluate(RunAfterTestMethodCallbacks.java:83)
	at org.springframework.test.context.junit4.statements.SpringRepeat.evaluate(SpringRepeat.java:72)
	at org.springframework.test.context.junit4.SpringJUnit4ClassRunner.runChild(SpringJUnit4ClassRunner.java:233)
	at org.springframework.test.context.junit4.SpringJUnit4ClassRunner.runChild(SpringJUnit4ClassRunner.java:87)
	at org.junit.runners.ParentRunner$3.run(ParentRunner.java:238)
	at org.junit.runners.ParentRunner$1.schedule(ParentRunner.java:63)
	at org.junit.runners.ParentRunner.runChildren(ParentRunner.java:236)
	at org.junit.runners.ParentRunner.access$000(ParentRunner.java:53)
	at org.junit.runners.ParentRunner$2.evaluate(ParentRunner.java:229)
	at org.junit.internal.runners.statements.RunBefores.evaluate(RunBefores.java:26)
	at org.springframework.test.context.junit4.statements.RunBeforeTestClassCallbacks.evaluate(RunBeforeTestClassCallbacks.java:61)
	at org.springframework.test.context.junit4.statements.RunAfterTestClassCallbacks.evaluate(RunAfterTestClassCallbacks.java:71)
	at org.junit.runners.ParentRunner.run(ParentRunner.java:309)
	at org.springframework.test.context.junit4.SpringJUnit4ClassRunner.run(SpringJUnit4ClassRunner.java:176)
	at org.gradle.api.internal.tasks.testing.junit.JUnitTestClassExecuter.runTestClass(JUnitTestClassExecuter.java:86)
	at org.gradle.api.internal.tasks.testing.junit.JUnitTestClassExecuter.execute(JUnitTestClassExecuter.java:49)
	at org.gradle.api.internal.tasks.testing.junit.JUnitTestClassProcessor.processTestClass(JUnitTestClassProcessor.java:64)
	at org.gradle.api.internal.tasks.testing.SuiteTestClassProcessor.processTestClass(SuiteTestClassProcessor.java:50)
	at sun.reflect.GeneratedMethodAccessor105.invoke(Unknown Source)
	at sun.reflect.DelegatingMethodAccessorImpl.invoke(DelegatingMethodAccessorImpl.java:43)
	at java.lang.reflect.Method.invoke(Method.java:606)
	at org.gradle.messaging.dispatch.ReflectionDispatch.dispatch(ReflectionDispatch.java:35)
	at org.gradle.messaging.dispatch.ReflectionDispatch.dispatch(ReflectionDispatch.java:24)
	at org.gradle.messaging.dispatch.ContextClassLoaderDispatch.dispatch(ContextClassLoaderDispatch.java:32)
	at org.gradle.messaging.dispatch.ProxyDispatchAdapter$DispatchingInvocationHandler.invoke(ProxyDispatchAdapter.java:93)
	at com.sun.proxy.$Proxy2.processTestClass(Unknown Source)
	at org.gradle.api.internal.tasks.testing.worker.TestWorker.processTestClass(TestWorker.java:106)
	at sun.reflect.GeneratedMethodAccessor104.invoke(Unknown Source)
	at sun.reflect.DelegatingMethodAccessorImpl.invoke(DelegatingMethodAccessorImpl.java:43)
	at java.lang.reflect.Method.invoke(Method.java:606)
	at org.gradle.messaging.dispatch.ReflectionDispatch.dispatch(ReflectionDispatch.java:35)
	at org.gradle.messaging.dispatch.ReflectionDispatch.dispatch(ReflectionDispatch.java:24)
	at org.gradle.messaging.remote.internal.hub.MessageHub$Handler.run(MessageHub.java:360)
	at org.gradle.internal.concurrent.DefaultExecutorFactory$StoppableExecutorImpl$1.run(DefaultExecutorFactory.java:64)
	at java.util.concurrent.ThreadPoolExecutor.runWorker(ThreadPoolExecutor.java:1145)
	at java.util.concurrent.ThreadPoolExecutor$Worker.run(ThreadPoolExecutor.java:615)
	at java.lang.Thread.run(Thread.java:745)
com.app.shared.organization.locationmanagement.Address.longitude size must be between 0 and 64
com.spartan.pluggable.exception.security.InvalidDataException: 90007:Invalid Exception.:Reason = Not Available!
	at com.athena.server.pluggable.utils.helper.EntityValidatorHelper.validateEntity(EntityValidatorHelper.java:28)
	at com.app.shared.organization.locationmanagement.Address.isValid(Address.java:264)
	at com.app.server.service.organization.locationmanagement.AddressTestCase.validateAddress(AddressTestCase.java:330)
	at com.app.server.service.organization.locationmanagement.AddressTestCase.test5NegativeTesting(AddressTestCase.java:404)
	at sun.reflect.NativeMethodAccessorImpl.invoke0(Native Method)
	at sun.reflect.NativeMethodAccessorImpl.invoke(NativeMethodAccessorImpl.java:57)
	at sun.reflect.DelegatingMethodAccessorImpl.invoke(DelegatingMethodAccessorImpl.java:43)
	at java.lang.reflect.Method.invoke(Method.java:606)
	at org.junit.runners.model.FrameworkMethod$1.runReflectiveCall(FrameworkMethod.java:47)
	at org.junit.internal.runners.model.ReflectiveCallable.run(ReflectiveCallable.java:12)
	at org.junit.runners.model.FrameworkMethod.invokeExplosively(FrameworkMethod.java:44)
	at org.junit.internal.runners.statements.InvokeMethod.evaluate(InvokeMethod.java:17)
	at org.junit.internal.runners.statements.RunBefores.evaluate(RunBefores.java:26)
	at org.springframework.test.context.junit4.statements.RunBeforeTestMethodCallbacks.evaluate(RunBeforeTestMethodCallbacks.java:74)
	at org.junit.internal.runners.statements.RunAfters.evaluate(RunAfters.java:27)
	at org.springframework.test.context.junit4.statements.RunAfterTestMethodCallbacks.evaluate(RunAfterTestMethodCallbacks.java:83)
	at org.springframework.test.context.junit4.statements.SpringRepeat.evaluate(SpringRepeat.java:72)
	at org.springframework.test.context.junit4.SpringJUnit4ClassRunner.runChild(SpringJUnit4ClassRunner.java:233)
	at org.springframework.test.context.junit4.SpringJUnit4ClassRunner.runChild(SpringJUnit4ClassRunner.java:87)
	at org.junit.runners.ParentRunner$3.run(ParentRunner.java:238)
	at org.junit.runners.ParentRunner$1.schedule(ParentRunner.java:63)
	at org.junit.runners.ParentRunner.runChildren(ParentRunner.java:236)
	at org.junit.runners.ParentRunner.access$000(ParentRunner.java:53)
	at org.junit.runners.ParentRunner$2.evaluate(ParentRunner.java:229)
	at org.junit.internal.runners.statements.RunBefores.evaluate(RunBefores.java:26)
	at org.springframework.test.context.junit4.statements.RunBeforeTestClassCallbacks.evaluate(RunBeforeTestClassCallbacks.java:61)
	at org.springframework.test.context.junit4.statements.RunAfterTestClassCallbacks.evaluate(RunAfterTestClassCallbacks.java:71)
	at org.junit.runners.ParentRunner.run(ParentRunner.java:309)
	at org.springframework.test.context.junit4.SpringJUnit4ClassRunner.run(SpringJUnit4ClassRunner.java:176)
	at org.gradle.api.internal.tasks.testing.junit.JUnitTestClassExecuter.runTestClass(JUnitTestClassExecuter.java:86)
	at org.gradle.api.internal.tasks.testing.junit.JUnitTestClassExecuter.execute(JUnitTestClassExecuter.java:49)
	at org.gradle.api.internal.tasks.testing.junit.JUnitTestClassProcessor.processTestClass(JUnitTestClassProcessor.java:64)
	at org.gradle.api.internal.tasks.testing.SuiteTestClassProcessor.processTestClass(SuiteTestClassProcessor.java:50)
	at sun.reflect.GeneratedMethodAccessor105.invoke(Unknown Source)
	at sun.reflect.DelegatingMethodAccessorImpl.invoke(DelegatingMethodAccessorImpl.java:43)
	at java.lang.reflect.Method.invoke(Method.java:606)
	at org.gradle.messaging.dispatch.ReflectionDispatch.dispatch(ReflectionDispatch.java:35)
	at org.gradle.messaging.dispatch.ReflectionDispatch.dispatch(ReflectionDispatch.java:24)
	at org.gradle.messaging.dispatch.ContextClassLoaderDispatch.dispatch(ContextClassLoaderDispatch.java:32)
	at org.gradle.messaging.dispatch.ProxyDispatchAdapter$DispatchingInvocationHandler.invoke(ProxyDispatchAdapter.java:93)
	at com.sun.proxy.$Proxy2.processTestClass(Unknown Source)
	at org.gradle.api.internal.tasks.testing.worker.TestWorker.processTestClass(TestWorker.java:106)
	at sun.reflect.GeneratedMethodAccessor104.invoke(Unknown Source)
	at sun.reflect.DelegatingMethodAccessorImpl.invoke(DelegatingMethodAccessorImpl.java:43)
	at java.lang.reflect.Method.invoke(Method.java:606)
	at org.gradle.messaging.dispatch.ReflectionDispatch.dispatch(ReflectionDispatch.java:35)
	at org.gradle.messaging.dispatch.ReflectionDispatch.dispatch(ReflectionDispatch.java:24)
	at org.gradle.messaging.remote.internal.hub.MessageHub$Handler.run(MessageHub.java:360)
	at org.gradle.internal.concurrent.DefaultExecutorFactory$StoppableExecutorImpl$1.run(DefaultExecutorFactory.java:64)
	at java.util.concurrent.ThreadPoolExecutor.runWorker(ThreadPoolExecutor.java:1145)
	at java.util.concurrent.ThreadPoolExecutor$Worker.run(ThreadPoolExecutor.java:615)
	at java.lang.Thread.run(Thread.java:745)
</pre>
</span>
</div>
</div>
<div id="footer">
<p>
<div>
<label class="hidden" id="label-for-line-wrapping-toggle" for="line-wrapping-toggle">Wrap lines
<input id="line-wrapping-toggle" type="checkbox" autocomplete="off"/>
</label>
</div>Generated by 
<a href="http://www.gradle.org">Gradle 2.3</a> at May 11, 2016 11:22:50 AM</p>
</div>
</div>
</body>
</html>
